<?xml version="1.0" encoding="UTF-8"?>
<!-- Generated by org.testng.reporters.JUnitXMLReporter -->
<testsuite hostname="BLT017" ignored="0" name="Default test" tests="7" failures="0" timestamp="2020-03-05T13:53:25 IST" time="297.774" errors="0">
  <testcase name="invalidCredentials" time="14.459" classname="com.cts.magentotest.LoginTest"/>
  <testcase name="invalidCredentials" time="16.862" classname="com.cts.magentotest.LoginTest"/>
  <testcase name="invalidCredentials" time="19.143" classname="com.cts.magentotest.LoginTest"/>
  <testcase name="invalidCredentials" time="24.037" classname="com.cts.magentotest.LoginTest"/>
  <testcase name="invalidCredentials" time="19.165" classname="com.cts.magentotest.LoginTest"/>
  <testcase name="invalidCredentials" time="13.25" classname="com.cts.magentotest.LoginTest"/>
  <testcase name="validCredentials" time="16.716" classname="com.cts.magentotest.LoginTest"/>
</testsuite> <!-- Default test -->
